<?xml version="1.0" encoding="UTF-8"?>
<testng-results ignored="0" total="1" passed="1" failed="0" skipped="0">
  <reporter-output>
  </reporter-output>
  <suite started-at="2023-11-24T11:36:04 IST" name="Default suite" finished-at="2023-11-24T11:36:08 IST" duration-ms="4757">
    <groups>
    </groups>
    <test started-at="2023-11-24T11:36:04 IST" name="Default test" finished-at="2023-11-24T11:36:08 IST" duration-ms="4757">
      <class name="Sample.TC001Test">
        <test-method signature="demo1()[pri:0, instance:Sample.TC001Test@20ccf40b]" started-at="2023-11-24T11:36:04 IST" name="demo1" finished-at="2023-11-24T11:36:08 IST" duration-ms="4717" status="PASS">
          <reporter-output>
          </reporter-output>
        </test-method> <!-- demo1 -->
      </class> <!-- Sample.TC001Test -->
    </test> <!-- Default test -->
  </suite> <!-- Default suite -->
</testng-results>
